c:\users\lukasyno\desktop\directx11engine remake - ver 1411\directx11engine\x64\debug\vc141.pdb
c:\users\lukasyno\desktop\directx11engine remake - ver 1411\directx11engine\x64\debug\vc141.idb
c:\users\lukasyno\desktop\directx11engine remake - ver 1411\directx11engine\x64\debug\window.obj
c:\users\lukasyno\desktop\directx11engine remake - ver 1411\directx11engine\x64\debug\timer.obj
c:\users\lukasyno\desktop\directx11engine remake - ver 1411\directx11engine\x64\debug\stringconverter.obj
c:\users\lukasyno\desktop\directx11engine remake - ver 1411\directx11engine\x64\debug\main.obj
c:\users\lukasyno\desktop\directx11engine remake - ver 1411\directx11engine\x64\debug\mouseevent.obj
c:\users\lukasyno\desktop\directx11engine remake - ver 1411\directx11engine\x64\debug\mouseclass.obj
c:\users\lukasyno\desktop\directx11engine remake - ver 1411\directx11engine\x64\debug\keyboardevent.obj
c:\users\lukasyno\desktop\directx11engine remake - ver 1411\directx11engine\x64\debug\keyboardclass.obj
c:\users\lukasyno\desktop\directx11engine remake - ver 1411\directx11engine\x64\debug\game.obj
c:\users\lukasyno\desktop\directx11engine remake - ver 1411\directx11engine\x64\debug\errorlogger.obj
c:\users\lukasyno\desktop\directx11engine remake - ver 1411\directx11engine\x64\debug\engine.obj
c:\users\lukasyno\desktop\directx11engine remake - ver 1411\directx11engine\x64\debug\camera.obj
c:\users\lukasyno\desktop\directx11engine remake - ver 1411\directx11engine\x64\debug\adapterreader.obj
c:\users\lukasyno\desktop\dxengine 8\directx11engine\x64\debug\vc141.pdb
c:\users\lukasyno\desktop\dxengine 8\directx11engine\x64\debug\vc141.idb
c:\users\lukasyno\desktop\dxengine 8\directx11engine\x64\debug\window.obj
c:\users\lukasyno\desktop\dxengine 8\directx11engine\x64\debug\timer.obj
c:\users\lukasyno\desktop\dxengine 8\directx11engine\x64\debug\stringconverter.obj
c:\users\lukasyno\desktop\dxengine 8\directx11engine\x64\debug\main.obj
c:\users\lukasyno\desktop\dxengine 8\directx11engine\x64\debug\mouseevent.obj
c:\users\lukasyno\desktop\dxengine 8\directx11engine\x64\debug\mouseclass.obj
c:\users\lukasyno\desktop\dxengine 8\directx11engine\x64\debug\keyboardevent.obj
c:\users\lukasyno\desktop\dxengine 8\directx11engine\x64\debug\keyboardclass.obj
c:\users\lukasyno\desktop\dxengine 8\directx11engine\x64\debug\game.obj
c:\users\lukasyno\desktop\dxengine 8\directx11engine\x64\debug\errorlogger.obj
c:\users\lukasyno\desktop\dxengine 8\directx11engine\x64\debug\engine.obj
c:\users\lukasyno\desktop\dxengine 8\directx11engine\x64\debug\camera.obj
c:\users\lukasyno\desktop\dxengine 8\directx11engine\x64\debug\adapterreader.obj
c:\users\lukasyno\desktop\dxengine\directx11engine\x64\debug\vc141.pdb
c:\users\lukasyno\desktop\dxengine\directx11engine\x64\debug\vc141.idb
c:\users\lukasyno\desktop\dxengine\directx11engine\x64\debug\window.obj
c:\users\lukasyno\desktop\dxengine\directx11engine\x64\debug\timer.obj
c:\users\lukasyno\desktop\dxengine\directx11engine\x64\debug\stringconverter.obj
c:\users\lukasyno\desktop\dxengine\directx11engine\x64\debug\main.obj
c:\users\lukasyno\desktop\dxengine\directx11engine\x64\debug\mouseevent.obj
c:\users\lukasyno\desktop\dxengine\directx11engine\x64\debug\mouseclass.obj
c:\users\lukasyno\desktop\dxengine\directx11engine\x64\debug\keyboardevent.obj
c:\users\lukasyno\desktop\dxengine\directx11engine\x64\debug\keyboardclass.obj
c:\users\lukasyno\desktop\dxengine\directx11engine\x64\debug\game.obj
c:\users\lukasyno\desktop\dxengine\directx11engine\x64\debug\errorlogger.obj
c:\users\lukasyno\desktop\dxengine\directx11engine\x64\debug\engine.obj
c:\users\lukasyno\desktop\dxengine\directx11engine\x64\debug\camera.obj
c:\users\lukasyno\desktop\dxengine\directx11engine\x64\debug\adapterreader.obj
c:\users\lukasyno\desktop\directxengine\directx11engine\x64\debug\vc141.pdb
c:\users\lukasyno\desktop\directxengine\directx11engine\x64\debug\vc141.idb
c:\users\lukasyno\desktop\directxengine\directx11engine\x64\debug\window.obj
c:\users\lukasyno\desktop\directxengine\directx11engine\x64\debug\timer.obj
c:\users\lukasyno\desktop\directxengine\directx11engine\x64\debug\stringconverter.obj
c:\users\lukasyno\desktop\directxengine\directx11engine\x64\debug\main.obj
c:\users\lukasyno\desktop\directxengine\directx11engine\x64\debug\mouseevent.obj
c:\users\lukasyno\desktop\directxengine\directx11engine\x64\debug\mouseclass.obj
c:\users\lukasyno\desktop\directxengine\directx11engine\x64\debug\keyboardevent.obj
c:\users\lukasyno\desktop\directxengine\directx11engine\x64\debug\keyboardclass.obj
c:\users\lukasyno\desktop\directxengine\directx11engine\x64\debug\game.obj
c:\users\lukasyno\desktop\directxengine\directx11engine\x64\debug\errorlogger.obj
c:\users\lukasyno\desktop\directxengine\directx11engine\x64\debug\engine.obj
c:\users\lukasyno\desktop\directxengine\directx11engine\x64\debug\camera.obj
c:\users\lukasyno\desktop\directxengine\directx11engine\x64\debug\adapterreader.obj
c:\users\lukasyno\desktop\directxengine\directx11engine\x64\debug\player.obj
c:\users\lukasyno\desktop\directx11engine remake - ver 1411\x64\debug\directx11engine.exe
c:\users\lukasyno\desktop\directx11engine remake - ver 1411\x64\debug\directx11engine.ilk
c:\users\lukasyno\desktop\directx11engine remake - ver 1411\x64\debug\directx11engine.pdb
c:\users\lukasyno\desktop\dxengine 8\x64\debug\directx11engine.exe
c:\users\lukasyno\desktop\dxengine 8\x64\debug\directx11engine.ilk
c:\users\lukasyno\desktop\dxengine 8\x64\debug\directx11engine.pdb
c:\users\lukasyno\desktop\dxengine\x64\debug\directx11engine.exe
c:\users\lukasyno\desktop\dxengine\x64\debug\directx11engine.ilk
c:\users\lukasyno\desktop\dxengine\x64\debug\directx11engine.pdb
c:\users\lukasyno\desktop\directxengine\directx11engine\x64\debug\shaders.obj
c:\users\lukasyno\desktop\directxengine\x64\debug\directx11engine.pdb
c:\users\lukasyno\desktop\directxengine\directx11engine\x64\debug\directx11engine.tlog\cl.command.1.tlog
c:\users\lukasyno\desktop\directxengine\directx11engine\x64\debug\directx11engine.tlog\cl.read.1.tlog
c:\users\lukasyno\desktop\directxengine\directx11engine\x64\debug\directx11engine.tlog\cl.write.1.tlog
c:\users\lukasyno\desktop\directxengine\directx11engine\x64\debug\directx11engine.tlog\fxc.command.1.tlog
c:\users\lukasyno\desktop\directxengine\directx11engine\x64\debug\directx11engine.tlog\fxc.read.1.tlog
c:\users\lukasyno\desktop\directxengine\directx11engine\x64\debug\directx11engine.tlog\fxc.write.1.tlog
c:\users\lukasyno\desktop\directxengine\directx11engine\x64\debug\directx11engine.tlog\link.7352-cvtres.read.1.tlog
c:\users\lukasyno\desktop\directxengine\directx11engine\x64\debug\directx11engine.tlog\link.7352-cvtres.write.1.tlog
c:\users\lukasyno\desktop\directxengine\directx11engine\x64\debug\directx11engine.tlog\link.7352-rc.read.1.tlog
c:\users\lukasyno\desktop\directxengine\directx11engine\x64\debug\directx11engine.tlog\link.7352-rc.write.1.tlog
c:\users\lukasyno\desktop\directxengine\directx11engine\x64\debug\directx11engine.tlog\link.7352.read.1.tlog
c:\users\lukasyno\desktop\directxengine\directx11engine\x64\debug\directx11engine.tlog\link.7352.write.1.tlog
c:\users\lukasyno\desktop\directxengine\directx11engine\x64\debug\directx11engine.tlog\link.command.1.tlog
c:\users\lukasyno\desktop\directxengine\directx11engine\x64\debug\directx11engine.tlog\link.read.1.tlog
c:\users\lukasyno\desktop\directxengine\directx11engine\x64\debug\directx11engine.tlog\link.write.1.tlog
