c:\users\lukasyno\source\repos\directx11engine\directx11engine\debug\vc141.pdb
c:\users\lukasyno\source\repos\directx11engine\directx11engine\debug\vc141.idb
c:\users\lukasyno\source\repos\directx11engine\directx11engine\debug\windowcontainer.obj
c:\users\lukasyno\source\repos\directx11engine\directx11engine\debug\window.obj
c:\users\lukasyno\source\repos\directx11engine\directx11engine\debug\stringconverter.obj
c:\users\lukasyno\source\repos\directx11engine\directx11engine\debug\source.obj
c:\users\lukasyno\source\repos\directx11engine\directx11engine\debug\mouseevent.obj
c:\users\lukasyno\source\repos\directx11engine\directx11engine\debug\mouseclass.obj
c:\users\lukasyno\source\repos\directx11engine\directx11engine\debug\keyboardevent.obj
c:\users\lukasyno\source\repos\directx11engine\directx11engine\debug\keyboardclass.obj
c:\users\lukasyno\source\repos\directx11engine\directx11engine\debug\errorlogger.obj
c:\users\lukasyno\source\repos\directx11engine\directx11engine\debug\engine.obj
c:\users\lukasyno\source\repos\directx11engine\debug\directx11engine.exe
c:\users\lukasyno\source\repos\directx11engine\debug\directx11engine.ilk
c:\users\lukasyno\source\repos\directx11engine\debug\directx11engine.pdb
c:\users\lukasyno\source\repos\directx11engine\directx11engine\debug\directx11engine.tlog\cl.command.1.tlog
c:\users\lukasyno\source\repos\directx11engine\directx11engine\debug\directx11engine.tlog\cl.read.1.tlog
c:\users\lukasyno\source\repos\directx11engine\directx11engine\debug\directx11engine.tlog\cl.write.1.tlog
c:\users\lukasyno\source\repos\directx11engine\directx11engine\debug\directx11engine.tlog\link.command.1.tlog
c:\users\lukasyno\source\repos\directx11engine\directx11engine\debug\directx11engine.tlog\link.read.1.tlog
c:\users\lukasyno\source\repos\directx11engine\directx11engine\debug\directx11engine.tlog\link.write.1.tlog
